# JRE version: Java(TM) SE Runtime Environment (8.0_60-b27) (build 1.8.0_60-b27)
# Java VM: Java HotSpot(TM) 64-Bit Server VM (25.60-b23 mixed mode windows-amd64 compressed oops)
Heap:
 PSYoungGen      total 89088K, used 62862K [0x00000000eab00000, 0x00000000f3300000, 0x0000000100000000)
  eden space 76800K, 66% used [0x00000000eab00000,0x00000000edd02080,0x00000000ef600000)
  from space 12288K, 94% used [0x00000000f0780000,0x00000000f12e1960,0x00000000f1380000)
  to   space 17920K, 0% used [0x00000000ef600000,0x00000000ef600000,0x00000000f0780000)
 ParOldGen       total 65024K, used 19953K [0x00000000c0000000, 0x00000000c3f80000, 0x00000000eab00000)
  object space 65024K, 30% used [0x00000000c0000000,0x00000000c137c6b0,0x00000000c3f80000)
 Metaspace       used 39392K, capacity 40458K, committed 40616K, reserved 1083392K
  class space    used 5357K, capacity 5763K, committed 5800K, reserved 1048576K
GC Heap History (10 events):
Event: 6.830 GC heap before
{Heap before GC invocations=10 (full 1):
 PSYoungGen      total 74752K, used 70153K [0x00000000eab00000, 0x00000000f0080000, 0x0000000100000000)
  eden space 65024K, 100% used [0x00000000eab00000,0x00000000eea80000,0x00000000eea80000)
  from space 9728K, 52% used [0x00000000ef700000,0x00000000efc024a8,0x00000000f0080000)
  to   space 11264K, 0% used [0x00000000eea80000,0x00000000eea80000,0x00000000ef580000)
 ParOldGen       total 65024K, used 8138K [0x00000000c0000000, 0x00000000c3f80000, 0x00000000eab00000)
  object space 65024K, 12% used [0x00000000c0000000,0x00000000c07f2b98,0x00000000c3f80000)
 Metaspace       used 28661K, capacity 29364K, committed 29696K, reserved 1075200K
  class space    used 3786K, capacity 4058K, committed 4096K, reserved 1048576K
Event: 6.901 GC heap after
Heap after GC invocations=10 (full 1):
 PSYoungGen      total 76288K, used 9019K [0x00000000eab00000, 0x00000000f1380000, 0x0000000100000000)
  eden space 65024K, 0% used [0x00000000eab00000,0x00000000eab00000,0x00000000eea80000)
  from space 11264K, 80% used [0x00000000eea80000,0x00000000ef34efd8,0x00000000ef580000)
  to   space 12288K, 0% used [0x00000000f0780000,0x00000000f0780000,0x00000000f1380000)
 ParOldGen       total 65024K, used 8146K [0x00000000c0000000, 0x00000000c3f80000, 0x00000000eab00000)
  object space 65024K, 12% used [0x00000000c0000000,0x00000000c07f4b98,0x00000000c3f80000)
 Metaspace       used 28661K, capacity 29364K, committed 29696K, reserved 1075200K
  class space    used 3786K, capacity 4058K, committed 4096K, reserved 1048576K
}
Event: 8.665 GC heap before
{Heap before GC invocations=11 (full 1):
 PSYoungGen      total 76288K, used 74043K [0x00000000eab00000, 0x00000000f1380000, 0x0000000100000000)
  eden space 65024K, 100% used [0x00000000eab00000,0x00000000eea80000,0x00000000eea80000)
  from space 11264K, 80% used [0x00000000eea80000,0x00000000ef34efd8,0x00000000ef580000)
  to   space 12288K, 0% used [0x00000000f0780000,0x00000000f0780000,0x00000000f1380000)
 ParOldGen       total 65024K, used 8146K [0x00000000c0000000, 0x00000000c3f80000, 0x00000000eab00000)
  object space 65024K, 12% used [0x00000000c0000000,0x00000000c07f4b98,0x00000000c3f80000)
 Metaspace       used 32975K, capacity 33848K, committed 33920K, reserved 1079296K
  class space    used 4381K, capacity 4697K, committed 4736K, reserved 1048576K
Event: 8.675 GC heap after
Heap after GC invocations=11 (full 1):
 PSYoungGen      total 92160K, used 12287K [0x00000000eab00000, 0x00000000f1700000, 0x0000000100000000)
  eden space 79872K, 0% used [0x00000000eab00000,0x00000000eab00000,0x00000000ef900000)
  from space 12288K, 99% used [0x00000000f0780000,0x00000000f137fd50,0x00000000f1380000)
  to   space 14848K, 0% used [0x00000000ef900000,0x00000000ef900000,0x00000000f0780000)
 ParOldGen       total 65024K, used 8871K [0x00000000c0000000, 0x00000000c3f80000, 0x00000000eab00000)
  object space 65024K, 13% used [0x00000000c0000000,0x00000000c08a9e08,0x00000000c3f80000)
 Metaspace       used 32975K, capacity 33848K, committed 33920K, reserved 1079296K
  class space    used 4381K, capacity 4697K, committed 4736K, reserved 1048576K
}
Event: 8.983 GC heap before
{Heap before GC invocations=12 (full 1):
 PSYoungGen      total 92160K, used 38650K [0x00000000eab00000, 0x00000000f1700000, 0x0000000100000000)
  eden space 79872K, 33% used [0x00000000eab00000,0x00000000ec4beb58,0x00000000ef900000)
  from space 12288K, 99% used [0x00000000f0780000,0x00000000f137fd50,0x00000000f1380000)
  to   space 14848K, 0% used [0x00000000ef900000,0x00000000ef900000,0x00000000f0780000)
 ParOldGen       total 65024K, used 8871K [0x00000000c0000000, 0x00000000c3f80000, 0x00000000eab00000)
  object space 65024K, 13% used [0x00000000c0000000,0x00000000c08a9e08,0x00000000c3f80000)
 Metaspace       used 34520K, capacity 35474K, committed 35496K, reserved 1079296K
  class space    used 4627K, capacity 5022K, committed 5032K, reserved 1048576K
Event: 9.000 GC heap after
Heap after GC invocations=12 (full 1):
 PSYoungGen      total 94720K, used 13769K [0x00000000eab00000, 0x00000000f1700000, 0x0000000100000000)
  eden space 79872K, 0% used [0x00000000eab00000,0x00000000eab00000,0x00000000ef900000)
  from space 14848K, 92% used [0x00000000ef900000,0x00000000f0672530,0x00000000f0780000)
  to   space 12288K, 0% used [0x00000000f0780000,0x00000000f0780000,0x00000000f1380000)
 ParOldGen       total 65024K, used 8879K [0x00000000c0000000, 0x00000000c3f80000, 0x00000000eab00000)
  object space 65024K, 13% used [0x00000000c0000000,0x00000000c08abe08,0x00000000c3f80000)
 Metaspace       used 34520K, capacity 35474K, committed 35496K, reserved 1079296K
  class space    used 4627K, capacity 5022K, committed 5032K, reserved 1048576K
}
Event: 9.000 GC heap before
{Heap before GC invocations=13 (full 2):
 PSYoungGen      total 94720K, used 13769K [0x00000000eab00000, 0x00000000f1700000, 0x0000000100000000)
  eden space 79872K, 0% used [0x00000000eab00000,0x00000000eab00000,0x00000000ef900000)
  from space 14848K, 92% used [0x00000000ef900000,0x00000000f0672530,0x00000000f0780000)
  to   space 12288K, 0% used [0x00000000f0780000,0x00000000f0780000,0x00000000f1380000)
 ParOldGen       total 65024K, used 8879K [0x00000000c0000000, 0x00000000c3f80000, 0x00000000eab00000)
  object space 65024K, 13% used [0x00000000c0000000,0x00000000c08abe08,0x00000000c3f80000)
 Metaspace       used 34520K, capacity 35474K, committed 35496K, reserved 1079296K
  class space    used 4627K, capacity 5022K, committed 5032K, reserved 1048576K
Event: 9.125 GC heap after
Heap after GC invocations=13 (full 2):
 PSYoungGen      total 94720K, used 0K [0x00000000eab00000, 0x00000000f1700000, 0x0000000100000000)
  eden space 79872K, 0% used [0x00000000eab00000,0x00000000eab00000,0x00000000ef900000)
  from space 14848K, 0% used [0x00000000ef900000,0x00000000ef900000,0x00000000f0780000)
  to   space 12288K, 0% used [0x00000000f0780000,0x00000000f0780000,0x00000000f1380000)
 ParOldGen       total 65024K, used 19945K [0x00000000c0000000, 0x00000000c3f80000, 0x00000000eab00000)
  object space 65024K, 30% used [0x00000000c0000000,0x00000000c137a6b0,0x00000000c3f80000)
 Metaspace       used 34487K, capacity 35360K, committed 35496K, reserved 1079296K
  class space    used 4619K, capacity 4988K, committed 5032K, reserved 1048576K
}
Event: 10.286 GC heap before
{Heap before GC invocations=14 (full 2):
 PSYoungGen      total 94720K, used 79872K [0x00000000eab00000, 0x00000000f1700000, 0x0000000100000000)
  eden space 79872K, 100% used [0x00000000eab00000,0x00000000ef900000,0x00000000ef900000)
  from space 14848K, 0% used [0x00000000ef900000,0x00000000ef900000,0x00000000f0780000)
  to   space 12288K, 0% used [0x00000000f0780000,0x00000000f0780000,0x00000000f1380000)
 ParOldGen       total 65024K, used 19945K [0x00000000c0000000, 0x00000000c3f80000, 0x00000000eab00000)
  object space 65024K, 30% used [0x00000000c0000000,0x00000000c137a6b0,0x00000000c3f80000)
 Metaspace       used 38672K, capacity 39814K, committed 39976K, reserved 1083392K
  class space    used 5247K, capacity 5659K, committed 5672K, reserved 1048576K
Event: 10.294 GC heap after
Heap after GC invocations=14 (full 2):
 PSYoungGen      total 89088K, used 11654K [0x00000000eab00000, 0x00000000f3300000, 0x0000000100000000)
  eden space 76800K, 0% used [0x00000000eab00000,0x00000000eab00000,0x00000000ef600000)
  from space 12288K, 94% used [0x00000000f0780000,0x00000000f12e1960,0x00000000f1380000)
  to   space 17920K, 0% used [0x00000000ef600000,0x00000000ef600000,0x00000000f0780000)
 ParOldGen       total 65024K, used 19953K [0x00000000c0000000, 0x00000000c3f80000, 0x00000000eab00000)
  object space 65024K, 30% used [0x00000000c0000000,0x00000000c137c6b0,0x00000000c3f80000)
 Metaspace       used 38672K, capacity 39814K, committed 39976K, reserved 1083392K
  class space    used 5247K, capacity 5659K, committed 5672K, reserved 1048576K
}

