# JRE version: Java(TM) SE Runtime Environment (8.0_60-b27) (build 1.8.0_60-b27)
# Java VM: Java HotSpot(TM) 64-Bit Server VM (25.60-b23 mixed mode windows-amd64 compressed oops)
Heap:
 PSYoungGen      total 105984K, used 22373K [0x00000000eab00000, 0x00000000f1e80000, 0x0000000100000000)
  eden space 94720K, 11% used [0x00000000eab00000,0x00000000eb5d95f8,0x00000000f0780000)
  from space 11264K, 100% used [0x00000000f1380000,0x00000000f1e80000,0x00000000f1e80000)
  to   space 11776K, 0% used [0x00000000f0780000,0x00000000f0780000,0x00000000f1300000)
 ParOldGen       total 63488K, used 34558K [0x00000000c0000000, 0x00000000c3e00000, 0x00000000eab00000)
  object space 63488K, 54% used [0x00000000c0000000,0x00000000c21bf8d8,0x00000000c3e00000)
 Metaspace       used 42258K, capacity 43494K, committed 43688K, reserved 1087488K
  class space    used 5806K, capacity 6246K, committed 6312K, reserved 1048576K
GC Heap History (10 events):
Event: 4.734 GC heap before
{Heap before GC invocations=8 (full 1):
 PSYoungGen      total 105984K, used 96128K [0x00000000eab00000, 0x00000000f1e80000, 0x0000000100000000)
  eden space 94720K, 100% used [0x00000000eab00000,0x00000000f0780000,0x00000000f0780000)
  from space 11264K, 12% used [0x00000000f1380000,0x00000000f14e0040,0x00000000f1e80000)
  to   space 11776K, 0% used [0x00000000f0780000,0x00000000f0780000,0x00000000f1300000)
 ParOldGen       total 63488K, used 8103K [0x00000000c0000000, 0x00000000c3e00000, 0x00000000eab00000)
  object space 63488K, 12% used [0x00000000c0000000,0x00000000c07e9c28,0x00000000c3e00000)
 Metaspace       used 28674K, capacity 29376K, committed 29440K, reserved 1075200K
  class space    used 3792K, capacity 4060K, committed 4096K, reserved 1048576K
Event: 4.746 GC heap after
Heap after GC invocations=8 (full 1):
 PSYoungGen      total 106496K, used 11280K [0x00000000eab00000, 0x00000000f1e80000, 0x0000000100000000)
  eden space 94720K, 0% used [0x00000000eab00000,0x00000000eab00000,0x00000000f0780000)
  from space 11776K, 95% used [0x00000000f0780000,0x00000000f1284258,0x00000000f1300000)
  to   space 11264K, 0% used [0x00000000f1380000,0x00000000f1380000,0x00000000f1e80000)
 ParOldGen       total 63488K, used 8111K [0x00000000c0000000, 0x00000000c3e00000, 0x00000000eab00000)
  object space 63488K, 12% used [0x00000000c0000000,0x00000000c07ebc28,0x00000000c3e00000)
 Metaspace       used 28674K, capacity 29376K, committed 29440K, reserved 1075200K
  class space    used 3792K, capacity 4060K, committed 4096K, reserved 1048576K
}
Event: 6.192 GC heap before
{Heap before GC invocations=9 (full 1):
 PSYoungGen      total 106496K, used 102249K [0x00000000eab00000, 0x00000000f1e80000, 0x0000000100000000)
  eden space 94720K, 96% used [0x00000000eab00000,0x00000000f03d6518,0x00000000f0780000)
  from space 11776K, 95% used [0x00000000f0780000,0x00000000f1284258,0x00000000f1300000)
  to   space 11264K, 0% used [0x00000000f1380000,0x00000000f1380000,0x00000000f1e80000)
 ParOldGen       total 63488K, used 8111K [0x00000000c0000000, 0x00000000c3e00000, 0x00000000eab00000)
  object space 63488K, 12% used [0x00000000c0000000,0x00000000c07ebc28,0x00000000c3e00000)
 Metaspace       used 34563K, capacity 35488K, committed 35496K, reserved 1079296K
  class space    used 4646K, capacity 5026K, committed 5032K, reserved 1048576K
Event: 6.212 GC heap after
Heap after GC invocations=9 (full 1):
 PSYoungGen      total 105984K, used 11252K [0x00000000eab00000, 0x00000000f1e80000, 0x0000000100000000)
  eden space 94720K, 0% used [0x00000000eab00000,0x00000000eab00000,0x00000000f0780000)
  from space 11264K, 99% used [0x00000000f1380000,0x00000000f1e7d060,0x00000000f1e80000)
  to   space 11776K, 0% used [0x00000000f0780000,0x00000000f0780000,0x00000000f1300000)
 ParOldGen       total 63488K, used 14354K [0x00000000c0000000, 0x00000000c3e00000, 0x00000000eab00000)
  object space 63488K, 22% used [0x00000000c0000000,0x00000000c0e04ab0,0x00000000c3e00000)
 Metaspace       used 34563K, capacity 35488K, committed 35496K, reserved 1079296K
  class space    used 4646K, capacity 5026K, committed 5032K, reserved 1048576K
}
Event: 6.212 GC heap before
{Heap before GC invocations=10 (full 2):
 PSYoungGen      total 105984K, used 11252K [0x00000000eab00000, 0x00000000f1e80000, 0x0000000100000000)
  eden space 94720K, 0% used [0x00000000eab00000,0x00000000eab00000,0x00000000f0780000)
  from space 11264K, 99% used [0x00000000f1380000,0x00000000f1e7d060,0x00000000f1e80000)
  to   space 11776K, 0% used [0x00000000f0780000,0x00000000f0780000,0x00000000f1300000)
 ParOldGen       total 63488K, used 14354K [0x00000000c0000000, 0x00000000c3e00000, 0x00000000eab00000)
  object space 63488K, 22% used [0x00000000c0000000,0x00000000c0e04ab0,0x00000000c3e00000)
 Metaspace       used 34563K, capacity 35488K, committed 35496K, reserved 1079296K
  class space    used 4646K, capacity 5026K, committed 5032K, reserved 1048576K
Event: 6.317 GC heap after
Heap after GC invocations=10 (full 2):
 PSYoungGen      total 105984K, used 0K [0x00000000eab00000, 0x00000000f1e80000, 0x0000000100000000)
  eden space 94720K, 0% used [0x00000000eab00000,0x00000000eab00000,0x00000000f0780000)
  from space 11264K, 0% used [0x00000000f1380000,0x00000000f1380000,0x00000000f1e80000)
  to   space 11776K, 0% used [0x00000000f0780000,0x00000000f0780000,0x00000000f1300000)
 ParOldGen       total 63488K, used 23434K [0x00000000c0000000, 0x00000000c3e00000, 0x00000000eab00000)
  object space 63488K, 36% used [0x00000000c0000000,0x00000000c16e2940,0x00000000c3e00000)
 Metaspace       used 34529K, capacity 35374K, committed 35496K, reserved 1079296K
  class space    used 4638K, capacity 4992K, committed 5032K, reserved 1048576K
}
Event: 8.689 GC heap before
{Heap before GC invocations=11 (full 2):
 PSYoungGen      total 105984K, used 94720K [0x00000000eab00000, 0x00000000f1e80000, 0x0000000100000000)
  eden space 94720K, 100% used [0x00000000eab00000,0x00000000f0780000,0x00000000f0780000)
  from space 11264K, 0% used [0x00000000f1380000,0x00000000f1380000,0x00000000f1e80000)
  to   space 11776K, 0% used [0x00000000f0780000,0x00000000f0780000,0x00000000f1300000)
 ParOldGen       total 63488K, used 23434K [0x00000000c0000000, 0x00000000c3e00000, 0x00000000eab00000)
  object space 63488K, 36% used [0x00000000c0000000,0x00000000c16e2940,0x00000000c3e00000)
 Metaspace       used 38957K, capacity 40026K, committed 40232K, reserved 1083392K
  class space    used 5294K, capacity 5665K, committed 5672K, reserved 1048576K
Event: 8.728 GC heap after
Heap after GC invocations=11 (full 2):
 PSYoungGen      total 106496K, used 11752K [0x00000000eab00000, 0x00000000f1e80000, 0x0000000100000000)
  eden space 94720K, 0% used [0x00000000eab00000,0x00000000eab00000,0x00000000f0780000)
  from space 11776K, 99% used [0x00000000f0780000,0x00000000f12fa258,0x00000000f1300000)
  to   space 11264K, 0% used [0x00000000f1380000,0x00000000f1380000,0x00000000f1e80000)
 ParOldGen       total 63488K, used 24940K [0x00000000c0000000, 0x00000000c3e00000, 0x00000000eab00000)
  object space 63488K, 39% used [0x00000000c0000000,0x00000000c185b158,0x00000000c3e00000)
 Metaspace       used 38957K, capacity 40026K, committed 40232K, reserved 1083392K
  class space    used 5294K, capacity 5665K, committed 5672K, reserved 1048576K
}
Event: 10.714 GC heap before
{Heap before GC invocations=12 (full 2):
 PSYoungGen      total 106496K, used 106472K [0x00000000eab00000, 0x00000000f1e80000, 0x0000000100000000)
  eden space 94720K, 99% used [0x00000000eab00000,0x00000000f077ffe0,0x00000000f0780000)
  from space 11776K, 99% used [0x00000000f0780000,0x00000000f12fa258,0x00000000f1300000)
  to   space 11264K, 0% used [0x00000000f1380000,0x00000000f1380000,0x00000000f1e80000)
 ParOldGen       total 63488K, used 24940K [0x00000000c0000000, 0x00000000c3e00000, 0x00000000eab00000)
  object space 63488K, 39% used [0x00000000c0000000,0x00000000c185b158,0x00000000c3e00000)
 Metaspace       used 42218K, capacity 43430K, committed 43688K, reserved 1087488K
  class space    used 5806K, capacity 6246K, committed 6312K, reserved 1048576K
Event: 10.733 GC heap after
Heap after GC invocations=12 (full 2):
 PSYoungGen      total 105984K, used 11264K [0x00000000eab00000, 0x00000000f1e80000, 0x0000000100000000)
  eden space 94720K, 0% used [0x00000000eab00000,0x00000000eab00000,0x00000000f0780000)
  from space 11264K, 100% used [0x00000000f1380000,0x00000000f1e80000,0x00000000f1e80000)
  to   space 11776K, 0% used [0x00000000f0780000,0x00000000f0780000,0x00000000f1300000)
 ParOldGen       total 63488K, used 34558K [0x00000000c0000000, 0x00000000c3e00000, 0x00000000eab00000)
  object space 63488K, 54% used [0x00000000c0000000,0x00000000c21bf8d8,0x00000000c3e00000)
 Metaspace       used 42218K, capacity 43430K, committed 43688K, reserved 1087488K
  class space    used 5806K, capacity 6246K, committed 6312K, reserved 1048576K
}

