# JRE version: Java(TM) SE Runtime Environment (8.0_60-b27) (build 1.8.0_60-b27)
# Java VM: Java HotSpot(TM) 64-Bit Server VM (25.60-b23 mixed mode windows-amd64 compressed oops)
Heap:
 PSYoungGen      total 72704K, used 19120K [0x00000000eab00000, 0x00000000efe80000, 0x0000000100000000)
  eden space 62976K, 22% used [0x00000000eab00000,0x00000000eb8f8800,0x00000000ee880000)
  from space 9728K, 49% used [0x00000000ef500000,0x00000000ef9b3978,0x00000000efe80000)
  to   space 11264K, 0% used [0x00000000ee880000,0x00000000ee880000,0x00000000ef380000)
 ParOldGen       total 65536K, used 8112K [0x00000000c0000000, 0x00000000c4000000, 0x00000000eab00000)
  object space 65536K, 12% used [0x00000000c0000000,0x00000000c07ec340,0x00000000c4000000)
 Metaspace       used 24507K, capacity 25100K, committed 25216K, reserved 1071104K
  class space    used 3228K, capacity 3435K, committed 3456K, reserved 1048576K
GC Heap History (10 events):
Event: 2.654 GC heap before
{Heap before GC invocations=5 (full 1):
 PSYoungGen      total 38400K, used 5108K [0x00000000eab00000, 0x00000000ef600000, 0x0000000100000000)
  eden space 33280K, 0% used [0x00000000eab00000,0x00000000eab00000,0x00000000ecb80000)
  from space 5120K, 99% used [0x00000000ed080000,0x00000000ed57d0f0,0x00000000ed580000)
  to   space 5120K, 0% used [0x00000000ecb80000,0x00000000ecb80000,0x00000000ed080000)
 ParOldGen       total 87552K, used 8494K [0x00000000c0000000, 0x00000000c5580000, 0x00000000eab00000)
  object space 87552K, 9% used [0x00000000c0000000,0x00000000c084ba38,0x00000000c5580000)
 Metaspace       used 20836K, capacity 21198K, committed 21296K, reserved 1067008K
  class space    used 2830K, capacity 2941K, committed 2944K, reserved 1048576K
Event: 2.708 GC heap after
Heap after GC invocations=5 (full 1):
 PSYoungGen      total 38400K, used 0K [0x00000000eab00000, 0x00000000ef600000, 0x0000000100000000)
  eden space 33280K, 0% used [0x00000000eab00000,0x00000000eab00000,0x00000000ecb80000)
  from space 5120K, 0% used [0x00000000ed080000,0x00000000ed080000,0x00000000ed580000)
  to   space 5120K, 0% used [0x00000000ecb80000,0x00000000ecb80000,0x00000000ed080000)
 ParOldGen       total 65536K, used 8088K [0x00000000c0000000, 0x00000000c4000000, 0x00000000eab00000)
  object space 65536K, 12% used [0x00000000c0000000,0x00000000c07e6340,0x00000000c4000000)
 Metaspace       used 20836K, capacity 21198K, committed 21296K, reserved 1067008K
  class space    used 2830K, capacity 2941K, committed 2944K, reserved 1048576K
}
Event: 2.907 GC heap before
{Heap before GC invocations=6 (full 1):
 PSYoungGen      total 38400K, used 33280K [0x00000000eab00000, 0x00000000ef600000, 0x0000000100000000)
  eden space 33280K, 100% used [0x00000000eab00000,0x00000000ecb80000,0x00000000ecb80000)
  from space 5120K, 0% used [0x00000000ed080000,0x00000000ed080000,0x00000000ed580000)
  to   space 5120K, 0% used [0x00000000ecb80000,0x00000000ecb80000,0x00000000ed080000)
 ParOldGen       total 65536K, used 8088K [0x00000000c0000000, 0x00000000c4000000, 0x00000000eab00000)
  object space 65536K, 12% used [0x00000000c0000000,0x00000000c07e6340,0x00000000c4000000)
 Metaspace       used 20991K, capacity 21358K, committed 21760K, reserved 1069056K
  class space    used 2846K, capacity 2973K, committed 3072K, reserved 1048576K
Event: 2.910 GC heap after
Heap after GC invocations=6 (full 1):
 PSYoungGen      total 38400K, used 644K [0x00000000eab00000, 0x00000000eee80000, 0x0000000100000000)
  eden space 33280K, 0% used [0x00000000eab00000,0x00000000eab00000,0x00000000ecb80000)
  from space 5120K, 12% used [0x00000000ecb80000,0x00000000ecc21128,0x00000000ed080000)
  to   space 11264K, 0% used [0x00000000ee380000,0x00000000ee380000,0x00000000eee80000)
 ParOldGen       total 65536K, used 8096K [0x00000000c0000000, 0x00000000c4000000, 0x00000000eab00000)
  object space 65536K, 12% used [0x00000000c0000000,0x00000000c07e8340,0x00000000c4000000)
 Metaspace       used 20991K, capacity 21358K, committed 21760K, reserved 1069056K
  class space    used 2846K, capacity 2973K, committed 3072K, reserved 1048576K
}
Event: 3.049 GC heap before
{Heap before GC invocations=7 (full 1):
 PSYoungGen      total 38400K, used 33924K [0x00000000eab00000, 0x00000000eee80000, 0x0000000100000000)
  eden space 33280K, 100% used [0x00000000eab00000,0x00000000ecb80000,0x00000000ecb80000)
  from space 5120K, 12% used [0x00000000ecb80000,0x00000000ecc21128,0x00000000ed080000)
  to   space 11264K, 0% used [0x00000000ee380000,0x00000000ee380000,0x00000000eee80000)
 ParOldGen       total 65536K, used 8096K [0x00000000c0000000, 0x00000000c4000000, 0x00000000eab00000)
  object space 65536K, 12% used [0x00000000c0000000,0x00000000c07e8340,0x00000000c4000000)
 Metaspace       used 21026K, capacity 21422K, committed 21760K, reserved 1069056K
  class space    used 2846K, capacity 2973K, committed 3072K, reserved 1048576K
Event: 3.051 GC heap after
Heap after GC invocations=7 (full 1):
 PSYoungGen      total 57344K, used 576K [0x00000000eab00000, 0x00000000ef000000, 0x0000000100000000)
  eden space 46080K, 0% used [0x00000000eab00000,0x00000000eab00000,0x00000000ed800000)
  from space 11264K, 5% used [0x00000000ee380000,0x00000000ee410020,0x00000000eee80000)
  to   space 11776K, 0% used [0x00000000ed800000,0x00000000ed800000,0x00000000ee380000)
 ParOldGen       total 65536K, used 8104K [0x00000000c0000000, 0x00000000c4000000, 0x00000000eab00000)
  object space 65536K, 12% used [0x00000000c0000000,0x00000000c07ea340,0x00000000c4000000)
 Metaspace       used 21026K, capacity 21422K, committed 21760K, reserved 1069056K
  class space    used 2846K, capacity 2973K, committed 3072K, reserved 1048576K
}
Event: 3.260 GC heap before
{Heap before GC invocations=8 (full 1):
 PSYoungGen      total 57344K, used 46656K [0x00000000eab00000, 0x00000000ef000000, 0x0000000100000000)
  eden space 46080K, 100% used [0x00000000eab00000,0x00000000ed800000,0x00000000ed800000)
  from space 11264K, 5% used [0x00000000ee380000,0x00000000ee410020,0x00000000eee80000)
  to   space 11776K, 0% used [0x00000000ed800000,0x00000000ed800000,0x00000000ee380000)
 ParOldGen       total 65536K, used 8104K [0x00000000c0000000, 0x00000000c4000000, 0x00000000eab00000)
  object space 65536K, 12% used [0x00000000c0000000,0x00000000c07ea340,0x00000000c4000000)
 Metaspace       used 21026K, capacity 21422K, committed 21760K, reserved 1069056K
  class space    used 2846K, capacity 2973K, committed 3072K, reserved 1048576K
Event: 3.262 GC heap after
Heap after GC invocations=8 (full 1):
 PSYoungGen      total 57856K, used 816K [0x00000000eab00000, 0x00000000f0080000, 0x0000000100000000)
  eden space 46080K, 0% used [0x00000000eab00000,0x00000000eab00000,0x00000000ed800000)
  from space 11776K, 6% used [0x00000000ed800000,0x00000000ed8cc030,0x00000000ee380000)
  to   space 11776K, 0% used [0x00000000ef500000,0x00000000ef500000,0x00000000f0080000)
 ParOldGen       total 65536K, used 8104K [0x00000000c0000000, 0x00000000c4000000, 0x00000000eab00000)
  object space 65536K, 12% used [0x00000000c0000000,0x00000000c07ea340,0x00000000c4000000)
 Metaspace       used 21026K, capacity 21422K, committed 21760K, reserved 1069056K
  class space    used 2846K, capacity 2973K, committed 3072K, reserved 1048576K
}
Event: 4.144 GC heap before
{Heap before GC invocations=9 (full 1):
 PSYoungGen      total 57856K, used 46896K [0x00000000eab00000, 0x00000000f0080000, 0x0000000100000000)
  eden space 46080K, 100% used [0x00000000eab00000,0x00000000ed800000,0x00000000ed800000)
  from space 11776K, 6% used [0x00000000ed800000,0x00000000ed8cc030,0x00000000ee380000)
  to   space 11776K, 0% used [0x00000000ef500000,0x00000000ef500000,0x00000000f0080000)
 ParOldGen       total 65536K, used 8104K [0x00000000c0000000, 0x00000000c4000000, 0x00000000eab00000)
  object space 65536K, 12% used [0x00000000c0000000,0x00000000c07ea340,0x00000000c4000000)
 Metaspace       used 23894K, capacity 24578K, committed 24960K, reserved 1071104K
  class space    used 3119K, capacity 3369K, committed 3456K, reserved 1048576K
Event: 4.151 GC heap after
Heap after GC invocations=9 (full 1):
 PSYoungGen      total 72704K, used 4814K [0x00000000eab00000, 0x00000000efe80000, 0x0000000100000000)
  eden space 62976K, 0% used [0x00000000eab00000,0x00000000eab00000,0x00000000ee880000)
  from space 9728K, 49% used [0x00000000ef500000,0x00000000ef9b3978,0x00000000efe80000)
  to   space 11264K, 0% used [0x00000000ee880000,0x00000000ee880000,0x00000000ef380000)
 ParOldGen       total 65536K, used 8112K [0x00000000c0000000, 0x00000000c4000000, 0x00000000eab00000)
  object space 65536K, 12% used [0x00000000c0000000,0x00000000c07ec340,0x00000000c4000000)
 Metaspace       used 23894K, capacity 24578K, committed 24960K, reserved 1071104K
  class space    used 3119K, capacity 3369K, committed 3456K, reserved 1048576K
}

